This is pdfTeX, Version 3.14159265-2.6-1.40.19 (TeX Live 2018/W32TeX) (preloaded format=pdflatex 2018.6.6)  8 JUL 2018 08:02
entering extended mode
 restricted \write18 enabled.
 %&-line parsing enabled.
**document.tex
(./document.tex
LaTeX2e <2018-04-01> patch level 2
Babel <3.18> and hyphenation patterns for 84 language(s) loaded.
(c:/texlive/2018/texmf-dist/tex/latex/base/article.cls
Document Class: article 2014/09/29 v1.4h Standard LaTeX document class
(c:/texlive/2018/texmf-dist/tex/latex/base/size10.clo
File: size10.clo 2014/09/29 v1.4h Standard LaTeX file (size option)
)
\c@part=\count80
\c@section=\count81
\c@subsection=\count82
\c@subsubsection=\count83
\c@paragraph=\count84
\c@subparagraph=\count85
\c@figure=\count86
\c@table=\count87
\abovecaptionskip=\skip41
\belowcaptionskip=\skip42
\bibindent=\dimen102
)
(c:/texlive/2018/texmf-dist/tex/generic/babel/babel.sty
Package: babel 2018/02/14 3.18 The Babel package

(c:/texlive/2018/texmf-dist/tex/generic/babel/switch.def
File: switch.def 2018/02/14 3.18 Babel switching mechanism
)
(c:/texlive/2018/texmf-dist/tex/generic/babel-english/english.ldf
Language: english 2017/06/06 v3.3r English support from the babel system

(c:/texlive/2018/texmf-dist/tex/generic/babel/babel.def
File: babel.def 2018/02/14 3.18 Babel common definitions
\babel@savecnt=\count88
\U@D=\dimen103

(c:/texlive/2018/texmf-dist/tex/generic/babel/txtbabel.def)
\bbl@dirlevel=\count89
)
\l@canadian = a dialect from \language\l@american 
\l@australian = a dialect from \language\l@british 
\l@newzealand = a dialect from \language\l@british 
))
(c:/texlive/2018/texmf-dist/tex/latex/base/inputenc.sty
Package: inputenc 2018/04/06 v1.3b Input encoding file
\inpenc@prehook=\toks14
\inpenc@posthook=\toks15

(c:/texlive/2018/texmf-dist/tex/latex/ucs/utf8x.def
File: utf8x.def 2004/10/17 UCS: Input encoding UTF-8
))
(c:/texlive/2018/texmf-dist/tex/latex/ucs/ucs.sty
Package: ucs 2013/05/11 v2.2 UCS: Unicode input support

(c:/texlive/2018/texmf-dist/tex/latex/ucs/data/uni-global.def
File: uni-global.def 2013/05/13 UCS: Unicode global data
)
\uc@secondtry=\count90
\uc@combtoks=\toks16
\uc@combtoksb=\toks17
\uc@temptokena=\toks18
)
(c:/texlive/2018/texmf-dist/tex/latex/base/fontenc.sty
Package: fontenc 2017/04/05 v2.0i Standard LaTeX package

(c:/texlive/2018/texmf-dist/tex/latex/base/t1enc.def
File: t1enc.def 2017/04/05 v2.0i Standard LaTeX file
LaTeX Font Info:    Redeclaring font encoding T1 on input line 48.
))
(c:/texlive/2018/texmf-dist/tex/latex/geometry/geometry.sty
Package: geometry 2018/03/24 v5.7 Page Geometry

(c:/texlive/2018/texmf-dist/tex/latex/graphics/keyval.sty
Package: keyval 2014/10/28 v1.15 key=value parser (DPC)
\KV@toks@=\toks19
)
(c:/texlive/2018/texmf-dist/tex/generic/oberdiek/ifpdf.sty
Package: ifpdf 2017/03/15 v3.2 Provides the ifpdf switch
)
(c:/texlive/2018/texmf-dist/tex/generic/oberdiek/ifvtex.sty
Package: ifvtex 2016/05/16 v1.6 Detect VTeX and its facilities (HO)
Package ifvtex Info: VTeX not detected.
)
(c:/texlive/2018/texmf-dist/tex/generic/ifxetex/ifxetex.sty
Package: ifxetex 2010/09/12 v0.6 Provides ifxetex conditional
)
\Gm@cnth=\count91
\Gm@cntv=\count92
\c@Gm@tempcnt=\count93
\Gm@bindingoffset=\dimen104
\Gm@wd@mp=\dimen105
\Gm@odd@mp=\dimen106
\Gm@even@mp=\dimen107
\Gm@layoutwidth=\dimen108
\Gm@layoutheight=\dimen109
\Gm@layouthoffset=\dimen110
\Gm@layoutvoffset=\dimen111
\Gm@dimlist=\toks20
)
(c:/texlive/2018/texmf-dist/tex/latex/graphics/graphicx.sty
Package: graphicx 2017/06/01 v1.1a Enhanced LaTeX Graphics (DPC,SPQR)

(c:/texlive/2018/texmf-dist/tex/latex/graphics/graphics.sty
Package: graphics 2017/06/25 v1.2c Standard LaTeX Graphics (DPC,SPQR)

(c:/texlive/2018/texmf-dist/tex/latex/graphics/trig.sty
Package: trig 2016/01/03 v1.10 sin cos tan (DPC)
)
(c:/texlive/2018/texmf-dist/tex/latex/graphics-cfg/graphics.cfg
File: graphics.cfg 2016/06/04 v1.11 sample graphics configuration
)
Package graphics Info: Driver file: pdftex.def on input line 99.

(c:/texlive/2018/texmf-dist/tex/latex/graphics-def/pdftex.def
File: pdftex.def 2018/01/08 v1.0l Graphics/color driver for pdftex
))
\Gin@req@height=\dimen112
\Gin@req@width=\dimen113
)
(c:/texlive/2018/texmf-dist/tex/latex/blindtext/blindtext.sty
Package: blindtext 2012/01/06 V2.0 blindtext-Package

(c:/texlive/2018/texmf-dist/tex/latex/tools/xspace.sty
Package: xspace 2014/10/28 v1.13 Space after command names (DPC,MH)
)
\c@blindtext=\count94
\c@Blindtext=\count95
\c@blind@countparstart=\count96
\blind@countxx=\count97
\blindtext@numBlindtext=\count98
\blind@countyy=\count99
\c@blindlist=\count100
\c@blindlistlevel=\count101
\c@blindlist@level=\count102
\blind@listitem=\count103
\c@blind@listcount=\count104
\c@blind@levelcount=\count105
\blind@mathformula=\count106
\blind@Mathformula=\count107
\c@blind@randomcount=\count108
\c@blind@randommax=\count109
\c@blind@pangramcount=\count110
\c@blind@pangrammax=\count111
)
(c:/texlive/2018/texmf-dist/tex/latex/preprint/authblk.sty
Package: authblk 2001/02/27 1.3 (PWD)
\affilsep=\skip43
\@affilsep=\skip44
\c@Maxaffil=\count112
\c@authors=\count113
\c@affil=\count114
)
(c:/texlive/2018/texmf-dist/tex/latex/amsmath/amsmath.sty
Package: amsmath 2017/09/02 v2.17a AMS math features
\@mathmargin=\skip45

For additional information on amsmath, use the `?' option.
(c:/texlive/2018/texmf-dist/tex/latex/amsmath/amstext.sty
Package: amstext 2000/06/29 v2.01 AMS text

(c:/texlive/2018/texmf-dist/tex/latex/amsmath/amsgen.sty
File: amsgen.sty 1999/11/30 v2.0 generic functions
\@emptytoks=\toks21
\ex@=\dimen114
))
(c:/texlive/2018/texmf-dist/tex/latex/amsmath/amsbsy.sty
Package: amsbsy 1999/11/29 v1.2d Bold Symbols
\pmbraise@=\dimen115
)
(c:/texlive/2018/texmf-dist/tex/latex/amsmath/amsopn.sty
Package: amsopn 2016/03/08 v2.02 operator names
)
\inf@bad=\count115
LaTeX Info: Redefining \frac on input line 213.
\uproot@=\count116
\leftroot@=\count117
LaTeX Info: Redefining \overline on input line 375.
\classnum@=\count118
\DOTSCASE@=\count119
LaTeX Info: Redefining \ldots on input line 472.
LaTeX Info: Redefining \dots on input line 475.
LaTeX Info: Redefining \cdots on input line 596.
\Mathstrutbox@=\box26
\strutbox@=\box27
\big@size=\dimen116
LaTeX Font Info:    Redeclaring font encoding OML on input line 712.
LaTeX Font Info:    Redeclaring font encoding OMS on input line 713.
\macc@depth=\count120
\c@MaxMatrixCols=\count121
\dotsspace@=\muskip10
\c@parentequation=\count122
\dspbrk@lvl=\count123
\tag@help=\toks22
\row@=\count124
\column@=\count125
\maxfields@=\count126
\andhelp@=\toks23
\eqnshift@=\dimen117
\alignsep@=\dimen118
\tagshift@=\dimen119
\tagwidth@=\dimen120
\totwidth@=\dimen121
\lineht@=\dimen122
\@envbody=\toks24
\multlinegap=\skip46
\multlinetaggap=\skip47
\mathdisplay@stack=\toks25
LaTeX Info: Redefining \[ on input line 2817.
LaTeX Info: Redefining \] on input line 2818.
)
(c:/texlive/2018/texmf-dist/tex/latex/tipa/tipa.sty
Package: tipa 2002/08/08 TIPA version 1.1

(c:/texlive/2018/texmf-dist/tex/latex/base/fontenc.sty
Package: fontenc 2017/04/05 v2.0i Standard LaTeX package

(c:/texlive/2018/texmf-dist/tex/latex/tipa/t3enc.def
File: t3enc.def 2001/12/31 T3 encoding
LaTeX Font Info:    Try loading font information for T1+cmss on input line 357.


(c:/texlive/2018/texmf-dist/tex/latex/base/t1cmss.fd
File: t1cmss.fd 2014/09/29 v2.5h Standard LaTeX font definitions
))
(c:/texlive/2018/texmf-dist/tex/latex/base/t1enc.def
File: t1enc.def 2017/04/05 v2.0i Standard LaTeX file
LaTeX Font Info:    Redeclaring font encoding T1 on input line 48.
))) (./document.aux)
\openout1 = `document.aux'.

LaTeX Font Info:    Checking defaults for OML/cmm/m/it on input line 33.
LaTeX Font Info:    ... okay on input line 33.
LaTeX Font Info:    Checking defaults for T1/cmr/m/n on input line 33.
LaTeX Font Info:    ... okay on input line 33.
LaTeX Font Info:    Checking defaults for OT1/cmr/m/n on input line 33.
LaTeX Font Info:    ... okay on input line 33.
LaTeX Font Info:    Checking defaults for OMS/cmsy/m/n on input line 33.
LaTeX Font Info:    ... okay on input line 33.
LaTeX Font Info:    Checking defaults for OMX/cmex/m/n on input line 33.
LaTeX Font Info:    ... okay on input line 33.
LaTeX Font Info:    Checking defaults for U/cmr/m/n on input line 33.
LaTeX Font Info:    ... okay on input line 33.
LaTeX Font Info:    Checking defaults for T3/cmr/m/n on input line 33.
LaTeX Font Info:    Try loading font information for T3+cmr on input line 33.

(c:/texlive/2018/texmf-dist/tex/latex/tipa/t3cmr.fd
File: t3cmr.fd 2001/12/31 TIPA font definitions
)
LaTeX Font Info:    ... okay on input line 33.

(c:/texlive/2018/texmf-dist/tex/latex/ucs/ucsencs.def
File: ucsencs.def 2011/01/21 Fixes to fontencodings LGR, T3
T3\textscriptg already defined.

fontencoding T3 patched
)
*geometry* driver: auto-detecting
*geometry* detected driver: pdftex
*geometry* verbose mode - [ preamble ] result:
* driver: pdftex
* paper: a4paper
* layout: <same size as paper>
* layoutoffset:(h,v)=(0.0pt,0.0pt)
* modes: 
* h-part:(L,W,R)=(85.35826pt, 426.79135pt, 85.35826pt)
* v-part:(T,H,B)=(85.35826pt, 702.78308pt, 56.9055pt)
* \paperwidth=597.50787pt
* \paperheight=845.04684pt
* \textwidth=426.79135pt
* \textheight=702.78308pt
* \oddsidemargin=13.08827pt
* \evensidemargin=13.08827pt
* \topmargin=-23.91173pt
* \headheight=12.0pt
* \headsep=25.0pt
* \topskip=10.0pt
* \footskip=30.0pt
* \marginparwidth=49.79231pt
* \marginparsep=11.0pt
* \columnsep=10.0pt
* \skip\footins=9.0pt plus 4.0pt minus 2.0pt
* \hoffset=0.0pt
* \voffset=0.0pt
* \mag=1000
* \@twocolumnfalse
* \@twosidefalse
* \@mparswitchfalse
* \@reversemarginfalse
* (1in=72.27pt=25.4mm, 1cm=28.453pt)

(c:/texlive/2018/texmf-dist/tex/context/base/mkii/supp-pdf.mkii
[Loading MPS to PDF converter (version 2006.09.02).]
\scratchcounter=\count127
\scratchdimen=\dimen123
\scratchbox=\box28
\nofMPsegments=\count128
\nofMParguments=\count129
\everyMPshowfont=\toks26
\MPscratchCnt=\count130
\MPscratchDim=\dimen124
\MPnumerator=\count131
\makeMPintoPDFobject=\count132
\everyMPtoPDFconversion=\toks27
) (c:/texlive/2018/texmf-dist/tex/latex/oberdiek/epstopdf-base.sty
Package: epstopdf-base 2016/05/15 v2.6 Base part for package epstopdf

(c:/texlive/2018/texmf-dist/tex/generic/oberdiek/infwarerr.sty
Package: infwarerr 2016/05/16 v1.4 Providing info/warning/error messages (HO)
)
(c:/texlive/2018/texmf-dist/tex/latex/oberdiek/grfext.sty
Package: grfext 2016/05/16 v1.2 Manage graphics extensions (HO)

(c:/texlive/2018/texmf-dist/tex/generic/oberdiek/kvdefinekeys.sty
Package: kvdefinekeys 2016/05/16 v1.4 Define keys (HO)

(c:/texlive/2018/texmf-dist/tex/generic/oberdiek/ltxcmds.sty
Package: ltxcmds 2016/05/16 v1.23 LaTeX kernel commands for general use (HO)
)))
(c:/texlive/2018/texmf-dist/tex/latex/oberdiek/kvoptions.sty
Package: kvoptions 2016/05/16 v3.12 Key value format for package options (HO)

(c:/texlive/2018/texmf-dist/tex/generic/oberdiek/kvsetkeys.sty
Package: kvsetkeys 2016/05/16 v1.17 Key value parser (HO)

(c:/texlive/2018/texmf-dist/tex/generic/oberdiek/etexcmds.sty
Package: etexcmds 2016/05/16 v1.6 Avoid name clashes with e-TeX commands (HO)

(c:/texlive/2018/texmf-dist/tex/generic/oberdiek/ifluatex.sty
Package: ifluatex 2016/05/16 v1.4 Provides the ifluatex switch (HO)
Package ifluatex Info: LuaTeX not detected.
)
Package etexcmds Info: Could not find \expanded.
(etexcmds)             That can mean that you are not using pdfTeX 1.50 or
(etexcmds)             that some package has redefined \expanded.
(etexcmds)             In the latter case, load this package earlier.
)))
(c:/texlive/2018/texmf-dist/tex/generic/oberdiek/pdftexcmds.sty
Package: pdftexcmds 2018/01/30 v0.27 Utility functions of pdfTeX for LuaTeX (HO
)
Package pdftexcmds Info: LuaTeX not detected.
Package pdftexcmds Info: \pdf@primitive is available.
Package pdftexcmds Info: \pdf@ifprimitive is available.
Package pdftexcmds Info: \pdfdraftmode found.
)
Package epstopdf-base Info: Redefining graphics rule for `.eps' on input line 4
38.
Package grfext Info: Graphics extension search list:
(grfext)             [.pdf,.png,.jpg,.mps,.jpeg,.jbig2,.jb2,.PDF,.PNG,.JPG,.JPE
G,.JBIG2,.JB2,.eps]
(grfext)             \AppendGraphicsExtensions on input line 456.

(c:/texlive/2018/texmf-dist/tex/latex/latexconfig/epstopdf-sys.cfg
File: epstopdf-sys.cfg 2010/07/13 v1.3 Configuration of (r)epstopdf for TeX Liv
e
))
LaTeX Font Info:    Try loading font information for OMS+cmr on input line 34.

(c:/texlive/2018/texmf-dist/tex/latex/base/omscmr.fd
File: omscmr.fd 2014/09/29 v2.5h Standard LaTeX font definitions
)
LaTeX Font Info:    Font shape `OMS/cmr/m/n' in size <8> not available
(Font)              Font shape `OMS/cmsy/m/n' tried instead on input line 34.
LaTeX Font Info:    Font shape `OMS/cmr/m/n' in size <6> not available
(Font)              Font shape `OMS/cmsy/m/n' tried instead on input line 34.
 [1

{c:/texlive/2018/texmf-var/fonts/map/pdftex/updmap/pdftex.map}]
Overfull \hbox (5.21384pt too wide) in paragraph at lines 71--84
 [] 
 []

<DensityTS.pdf, id=15, 614.295pt x 794.97pt>
File: DensityTS.pdf Graphic file (type pdf)
<use DensityTS.pdf>
Package pdftex.def Info: DensityTS.pdf  used on input line 88.
(pdftex.def)             Requested size: 384.1096pt x 497.08551pt.
<TS.pdf, id=16, 614.295pt x 794.97pt>
File: TS.pdf Graphic file (type pdf)
<use TS.pdf>
Package pdftex.def Info: TS.pdf  used on input line 95.
(pdftex.def)             Requested size: 384.1096pt x 497.08551pt.
[2] [3 <./DensityTS.pdf>] [4 <./TS.pdf>]
Underfull \hbox (badness 10000) in paragraph at lines 108--109

 []

(c:/texlive/2018/texmf-dist/tex/latex/ucs/data/uni-32.def
File: uni-32.def 2013/05/13 UCS: Unicode data U+2000..U+20FF
) [5]
<densitylog.pdf, id=50, 614.295pt x 794.97pt>
File: densitylog.pdf Graphic file (type pdf)
<use densitylog.pdf>
Package pdftex.def Info: densitylog.pdf  used on input line 167.
(pdftex.def)             Requested size: 256.07741pt x 331.39842pt.
<TSLoganddiff.pdf, id=51, 614.295pt x 794.97pt>
File: TSLoganddiff.pdf Graphic file (type pdf)
<use TSLoganddiff.pdf>
Package pdftex.def Info: TSLoganddiff.pdf  used on input line 173.
(pdftex.def)             Requested size: 256.07741pt x 331.39842pt.
<acf2_gas.pdf, id=52, 614.295pt x 794.97pt>
File: acf2_gas.pdf Graphic file (type pdf)
<use acf2_gas.pdf>
Package pdftex.def Info: acf2_gas.pdf  used on input line 179.
(pdftex.def)             Requested size: 256.07741pt x 331.39842pt.
<acf2_oil.pdf, id=53, 614.295pt x 794.97pt>
File: acf2_oil.pdf Graphic file (type pdf)
<use acf2_oil.pdf>
Package pdftex.def Info: acf2_oil.pdf  used on input line 185.
(pdftex.def)             Requested size: 256.07741pt x 331.39842pt.
<acf2_Water.pdf, id=54, 614.295pt x 794.97pt>
File: acf2_Water.pdf Graphic file (type pdf)
<use acf2_Water.pdf>
Package pdftex.def Info: acf2_Water.pdf  used on input line 191.
(pdftex.def)             Requested size: 256.07741pt x 331.39842pt.
 [6] [7 <./densitylog.pdf>] [8 <./TSLoganddiff.pdf>] [9 <./acf2_gas.pdf>] [10 <
./acf2_oil.pdf>]
[11 <./acf2_Water.pdf>]
LaTeX Font Info:    Try loading font information for T1+cmtt on input line 200.

 (c:/texlive/2018/texmf-dist/tex/latex/base/t1cmtt.fd
File: t1cmtt.fd 2014/09/29 v2.5h Standard LaTeX font definitions
)
Underfull \hbox (badness 10000) in paragraph at lines 205--206

 []


Underfull \hbox (badness 10000) in paragraph at lines 206--207

 []

<GasGam.jpg, id=104, 400.49625pt x 170.13562pt>
File: GasGam.jpg Graphic file (type jpg)
<use GasGam.jpg>
Package pdftex.def Info: GasGam.jpg  used on input line 217.
(pdftex.def)             Requested size: 256.07741pt x 108.79036pt.
<OilGam.jpg, id=105, 396.7322pt x 172.39406pt>
File: OilGam.jpg Graphic file (type jpg)
<use OilGam.jpg>
Package pdftex.def Info: OilGam.jpg  used on input line 224.
(pdftex.def)             Requested size: 256.07741pt x 111.27617pt.
<WaterGam.jpg, id=106, 402.75468pt x 176.15813pt>
File: WaterGam.jpg Graphic file (type jpg)
<use WaterGam.jpg>
Package pdftex.def Info: WaterGam.jpg  used on input line 231.
(pdftex.def)             Requested size: 256.07741pt x 112.0043pt.
<GAMFitsUntransformed.pdf, id=107, 614.295pt x 794.97pt>
File: GAMFitsUntransformed.pdf Graphic file (type pdf)
<use GAMFitsUntransformed.pdf>
Package pdftex.def Info: GAMFitsUntransformed.pdf  used on input line 239.
(pdftex.def)             Requested size: 256.07741pt x 331.39842pt.
[12 <./GasGam.JPG> <./OilGam.JPG>] [13 <./WaterGam.JPG> <./GAMFitsUntransformed
.pdf>] [14]
Underfull \hbox (badness 10000) in paragraph at lines 262--263

 []

<ResidualsGAMUntransformed_Diag.pdf, id=124, 614.295pt x 794.97pt>
File: ResidualsGAMUntransformed_Diag.pdf Graphic file (type pdf)
<use ResidualsGAMUntransformed_Diag.pdf>
Package pdftex.def Info: ResidualsGAMUntransformed_Diag.pdf  used on input line
 273.
(pdftex.def)             Requested size: 256.07741pt x 331.39842pt.
<Ljung-Box.pdf, id=125, 614.295pt x 794.97pt>
File: Ljung-Box.pdf Graphic file (type pdf)
<use Ljung-Box.pdf>
Package pdftex.def Info: Ljung-Box.pdf  used on input line 279.
(pdftex.def)             Requested size: 256.07741pt x 331.39842pt.
[15 <./ResidualsGAMUntransformed_Diag.pdf>] [16 <./Ljung-Box.pdf>]
Underfull \hbox (badness 10000) in paragraph at lines 290--291

 []


Underfull \hbox (badness 10000) in paragraph at lines 296--297

 []


Underfull \hbox (badness 10000) in paragraph at lines 300--301

 []

<Sarima_Gas_Final.pdf, id=143, 614.295pt x 794.97pt>
File: Sarima_Gas_Final.pdf Graphic file (type pdf)
<use Sarima_Gas_Final.pdf>
Package pdftex.def Info: Sarima_Gas_Final.pdf  used on input line 309.
(pdftex.def)             Requested size: 256.07741pt x 331.39842pt.
<Sarima_Oil_Final.pdf, id=144, 614.295pt x 794.97pt>
File: Sarima_Oil_Final.pdf Graphic file (type pdf)
<use Sarima_Oil_Final.pdf>
Package pdftex.def Info: Sarima_Oil_Final.pdf  used on input line 316.
(pdftex.def)             Requested size: 256.07741pt x 331.39842pt.
<Sarima_Water_Final.pdf, id=145, 614.295pt x 794.97pt>
File: Sarima_Water_Final.pdf Graphic file (type pdf)
<use Sarima_Water_Final.pdf>
Package pdftex.def Info: Sarima_Water_Final.pdf  used on input line 323.
(pdftex.def)             Requested size: 256.07741pt x 331.39842pt.
[17] [18 <./Sarima_Gas_Final.pdf>] [19 <./Sarima_Oil_Final.pdf>] [20 <./Sarima_
Water_Final.pdf>] [21] (./document.bbl) [22] (./document.aux) ) 
Here is how much of TeX's memory you used:
 5009 strings out of 492649
 68612 string characters out of 6133385
 158194 words of memory out of 5000000
 8764 multiletter control sequences out of 15000+600000
 18544 words of font info for 43 fonts, out of 8000000 for 9000
 1141 hyphenation exceptions out of 8191
 41i,6n,25p,915b,337s stack positions out of 5000i,500n,10000p,200000b,80000s
{c:/texlive/2018
/texmf-dist/fonts/enc/dvips/cm-super/cm-super-t1.enc}<c:/texlive/2018/texmf-dis
t/fonts/type1/public/amsfonts/cm/cmex10.pfb><c:/texlive/2018/texmf-dist/fonts/t
ype1/public/amsfonts/cm/cmmi10.pfb><c:/texlive/2018/texmf-dist/fonts/type1/publ
ic/amsfonts/cm/cmmi7.pfb><c:/texlive/2018/texmf-dist/fonts/type1/public/amsfont
s/cm/cmr10.pfb><c:/texlive/2018/texmf-dist/fonts/type1/public/amsfonts/cm/cmr7.
pfb><c:/texlive/2018/texmf-dist/fonts/type1/public/amsfonts/cm/cmsy10.pfb><c:/t
exlive/2018/texmf-dist/fonts/type1/public/amsfonts/cm/cmsy6.pfb><c:/texlive/201
8/texmf-dist/fonts/type1/public/amsfonts/cm/cmsy8.pfb><c:/texlive/2018/texmf-di
st/fonts/type1/public/cm-super/sfbx0900.pfb><c:/texlive/2018/texmf-dist/fonts/t
ype1/public/cm-super/sfbx1000.pfb><c:/texlive/2018/texmf-dist/fonts/type1/publi
c/cm-super/sfbx1200.pfb><c:/texlive/2018/texmf-dist/fonts/type1/public/cm-super
/sfbx1440.pfb><c:/texlive/2018/texmf-dist/fonts/type1/public/cm-super/sfrm0600.
pfb><c:/texlive/2018/texmf-dist/fonts/type1/public/cm-super/sfrm0800.pfb><c:/te
xlive/2018/texmf-dist/fonts/type1/public/cm-super/sfrm0900.pfb><c:/texlive/2018
/texmf-dist/fonts/type1/public/cm-super/sfrm1000.pfb><c:/texlive/2018/texmf-dis
t/fonts/type1/public/cm-super/sfrm1200.pfb><c:/texlive/2018/texmf-dist/fonts/ty
pe1/public/cm-super/sfrm1728.pfb><c:/texlive/2018/texmf-dist/fonts/type1/public
/cm-super/sfti1000.pfb><c:/texlive/2018/texmf-dist/fonts/type1/public/cm-super/
sftt1000.pfb>
Output written on document.pdf (22 pages, 544831 bytes).
PDF statistics:
 258 PDF objects out of 1000 (max. 8388607)
 183 compressed objects within 2 object streams
 0 named destinations out of 1000 (max. 500000)
 81 words of extra memory for PDF output out of 10000 (max. 10000000)

